

Microchip Technology PIC18 LITE Macro Assembler V1.44 build -154322312 
                                                                                               Wed Aug 15 23:44:32 2018

Microchip Technology Omniscient Code Generator v1.44 (Free mode) build 201709140600
     1                           	processor	18F2320
     2                           	fnconf	rparam,??,?,0
     3                           	opt	pw 120
     4                           	opt	lm
     5                           	psect	smallconst,global,reloc=2,class=SMALLCONST,delta=1,noexec
     6                           	psect	cinit,global,reloc=2,class=CODE,delta=1
     7                           	psect	bssCOMRAM,global,class=COMRAM,space=1,delta=1,noexec
     8                           	psect	cstackCOMRAM,global,class=COMRAM,space=1,delta=1,noexec
     9                           	psect	text0,global,reloc=2,class=CODE,delta=1
    10                           	psect	text1,global,reloc=2,class=CODE,delta=1
    11                           	psect	text2,global,reloc=2,class=CODE,delta=1
    12                           	psect	intsave_regs,global,class=BIGRAM,space=1,delta=1,noexec
    13                           	psect	rparam,global,class=COMRAM,space=1,delta=1,noexec
    14  0000                     
    15                           ; Version 1.44
    16                           ; Generated 14/09/2017 GMT
    17                           ; 
    18                           ; Copyright © 2017, Microchip Technology Inc. and its subsidiaries ("Microchip")
    19                           ; All rights reserved.
    20                           ; 
    21                           ; This software is developed by Microchip Technology Inc. and its subsidiaries ("Microch
      +                          ip").
    22                           ; 
    23                           ; Redistribution and use in source and binary forms, with or without modification, are
    24                           ; permitted provided that the following conditions are met:
    25                           ; 
    26                           ;     1. Redistributions of source code must retain the above copyright notice, this lis
      +                          t of
    27                           ;        conditions and the following disclaimer.
    28                           ; 
    29                           ;     2. Redistributions in binary form must reproduce the above copyright notice, this 
      +                          list
    30                           ;        of conditions and the following disclaimer in the documentation and/or other
    31                           ;        materials provided with the distribution.
    32                           ; 
    33                           ;     3. Microchip's name may not be used to endorse or promote products derived from th
      +                          is
    34                           ;        software without specific prior written permission.
    35                           ; 
    36                           ; THIS SOFTWARE IS PROVIDED BY MICROCHIP "AS IS" AND ANY EXPRESS OR IMPLIED WARRANTIES,
    37                           ; INCLUDING, BUT NOT LIMITED TO, THE IMPLIED WARRANTIES OF MERCHANTABILITY AND FITNESS F
      +                          OR
    38                           ; PURPOSE ARE DISCLAIMED.  IN NO EVENT SHALL MICROCHIP BE LIABLE FOR ANY DIRECT, INDIREC
      +                          T,
    39                           ; INCIDENTAL, SPECIAL, EXEMPLARY, OR CONSEQUENTIAL DAMAGES (INCLUDING BUT NOT LIMITED TO
    40                           ; PROCUREMENT OF SUBSTITUTE GOODS OR SERVICES; LOSS OF USE, DATA OR PROFITS; OR BUSINESS
    41                           ; INTERRUPTION) HOWSOEVER CAUSED AND ON ANY THEORY OF LIABILITY, WHETHER IN CONTRACT, ST
      +                          RICT
    42                           ; LIABILITY, OR TORT (INCLUDING NEGLIGENCE OR OTHERWISE) ARISING IN ANY WAY OUT OF THE U
      +                          SE OF
    43                           ; THIS SOFTWARE, EVEN IF ADVISED OF THE POSSIBILITY OF SUCH DAMAGE.
    44                           ; 
    45                           ; 
    46                           ; Code-generator required, PIC18F2320 Definitions
    47                           ; 
    48                           ; SFR Addresses
    49  0000                     
    50                           	psect	smallconst
    51  000200                     __psmallconst:
    52                           	opt stack 0
    53  000200  00                 	db	0
    54  000201                     _gluh_wait:
    55                           	opt stack 0
    56  000201  0064               	dw	100
    57  000203  0000               	dw	0
    58  000205                     __end_of_gluh_wait:
    59                           	opt stack 0
    60  0000                     _PORTBbits	set	3969
    61  0000                     _PORTAbits	set	3968
    62  0000                     _TRISB	set	3987
    63  0000                     _PORTB	set	3969
    64  0000                     _PORTA	set	3968
    65  0000                     _TRISA	set	3986
    66  0000                     _TRISC	set	3988
    67  0000                     _PORTC	set	3970
    68  0000                     _T1CON	set	4045
    69  0000                     _CVRCON	set	4021
    70  0000                     _CMCON	set	4020
    71  0000                     _ADCON1	set	4033
    72  0000                     _ADCON0	set	4034
    73  0000                     _OSCCONbits	set	4051
    74  0000                     _LATC7	set	31839
    75  0000                     _LATC0	set	31832
    76  0000                     _LATC5	set	31837
    77  0000                     _LATA1	set	31817
    78  0000                     _LATC4	set	31836
    79  0000                     _LATA2	set	31818
    80  0000                     _LATC3	set	31835
    81  0000                     _LATC6	set	31838
    82  0000                     _LATB5	set	31829
    83  0000                     _LATC2	set	31834
    84  0000                     _LATA5	set	31821
    85  0000                     _LATC1	set	31833
    86                           
    87                           ; #config settings
    88  000205  00                 	db	0	; dummy byte at the end
    89  0000                     
    90                           	psect	cinit
    91  0004FE                     __pcinit:
    92                           	opt stack 0
    93  0004FE                     start_initialization:
    94                           	opt stack 0
    95  0004FE                     __initialization:
    96                           	opt stack 0
    97                           
    98                           ; Clear objects allocated to COMRAM (3 bytes)
    99  0004FE  6A23               	clrf	(__pbssCOMRAM+2)& (0+255),c
   100  000500  6A22               	clrf	(__pbssCOMRAM+1)& (0+255),c
   101  000502  6A21               	clrf	__pbssCOMRAM& (0+255),c
   102  000504                     end_of_initialization:
   103                           	opt stack 0
   104  000504                     __end_of__initialization:
   105                           	opt stack 0
   106  000504  0E00               	movlw	low (__Lsmallconst shr (0+16))
   107  000506  6EF8               	movwf	tblptru,c
   108  000508  0E02               	movlw	high __Lsmallconst
   109  00050A  6EF7               	movwf	tblptrh,c
   110  00050C  0100               	movlb	0
   111  00050E  EF03  F001         	goto	_main	;jump to C main() function
   112                           tblptru	equ	0xFF8
   113                           tblptrh	equ	0xFF7
   114                           
   115                           	psect	bssCOMRAM
   116  000021                     __pbssCOMRAM:
   117                           	opt stack 0
   118  000021                     main@F2606:
   119                           	opt stack 0
   120  000021                     	ds	3
   121                           tblptru	equ	0xFF8
   122                           tblptrh	equ	0xFF7
   123                           
   124                           	psect	cstackCOMRAM
   125  000001                     __pcstackCOMRAM:
   126                           	opt stack 0
   127  000001                     now_change@state:
   128                           	opt stack 0
   129                           
   130                           ; 2 bytes @ 0x0
   131  000001                     	ds	2
   132  000003                     now_change@ef1:
   133                           	opt stack 0
   134                           
   135                           ; 1 bytes @ 0x2
   136  000003                     	ds	1
   137  000004                     now_change@ef2:
   138                           	opt stack 0
   139                           
   140                           ; 1 bytes @ 0x3
   141  000004                     	ds	1
   142  000005                     ??_now_change:
   143                           
   144                           ; 1 bytes @ 0x4
   145  000005                     	ds	2
   146  000007                     all_on@state:
   147                           	opt stack 0
   148                           
   149                           ; 2 bytes @ 0x6
   150  000007                     	ds	2
   151  000009                     all_on@gluh:
   152                           	opt stack 0
   153                           
   154                           ; 1 bytes @ 0x8
   155  000009                     	ds	1
   156  00000A                     all_on@ef1:
   157                           	opt stack 0
   158                           
   159                           ; 1 bytes @ 0x9
   160  00000A                     	ds	1
   161  00000B                     all_on@ef2:
   162                           	opt stack 0
   163                           
   164                           ; 1 bytes @ 0xA
   165  00000B                     	ds	1
   166  00000C                     ??_all_on:
   167                           
   168                           ; 1 bytes @ 0xB
   169  00000C                     	ds	1
   170  00000D                     
   171                           ; 2 bytes @ 0xC
   172  00000D                     	ds	2
   173  00000F                     
   174                           ; 3 bytes @ 0xE
   175  00000F                     	ds	3
   176  000012                     ??_main:
   177                           
   178                           ; 1 bytes @ 0x11
   179  000012                     	ds	1
   180  000013                     main@pred_pred_state:
   181                           	opt stack 0
   182                           
   183                           ; 1 bytes @ 0x12
   184  000013                     	ds	1
   185  000014                     main@press_switch:
   186                           	opt stack 0
   187                           
   188                           ; 1 bytes @ 0x13
   189  000014                     	ds	1
   190  000015                     main@SERIES:
   191                           	opt stack 0
   192                           
   193                           ; 1 bytes @ 0x14
   194  000015                     	ds	1
   195  000016                     main@LOOP:
   196                           	opt stack 0
   197                           
   198                           ; 1 bytes @ 0x15
   199  000016                     	ds	1
   200  000017                     main@change_e1_state:
   201                           	opt stack 0
   202                           
   203                           ; 1 bytes @ 0x16
   204  000017                     	ds	1
   205  000018                     main@change_e2_state:
   206                           	opt stack 0
   207                           
   208                           ; 1 bytes @ 0x17
   209  000018                     	ds	1
   210  000019                     main@pred_state:
   211                           	opt stack 0
   212                           
   213                           ; 1 bytes @ 0x18
   214  000019                     	ds	1
   215  00001A                     main@changestate:
   216                           	opt stack 0
   217                           
   218                           ; 1 bytes @ 0x19
   219  00001A                     	ds	1
   220  00001B                     main@e1_state:
   221                           	opt stack 0
   222                           
   223                           ; 1 bytes @ 0x1A
   224  00001B                     	ds	1
   225  00001C                     main@e2_state:
   226                           	opt stack 0
   227                           
   228                           ; 1 bytes @ 0x1B
   229  00001C                     	ds	1
   230  00001D                     main@state:
   231                           	opt stack 0
   232                           
   233                           ; 1 bytes @ 0x1C
   234  00001D                     	ds	1
   235  00001E                     main@press_switch_ar:
   236                           	opt stack 0
   237                           
   238                           ; 3 bytes @ 0x1D
   239  00001E                     	ds	3
   240                           tblptru	equ	0xFF8
   241                           tblptrh	equ	0xFF7
   242                           
   243 ;;
   244 ;;Main: autosize = 0, tempsize = 1, incstack = 0, save=0
   245 ;;
   246 ;; *************** function _main *****************
   247 ;; Defined at:
   248 ;;		line 113 in file "bypass_main.c"
   249 ;; Parameters:    Size  Location     Type
   250 ;;  argc            2   12[COMRAM] int 
   251 ;;  argv            3   14[COMRAM] PTR PTR unsigned char 
   252 ;; Auto vars:     Size  Location     Type
   253 ;;  press_switch    3   29[COMRAM] unsigned char [3]
   254 ;;  state           1   28[COMRAM] unsigned char 
   255 ;;  e2_state        1   27[COMRAM] unsigned char 
   256 ;;  e1_state        1   26[COMRAM] unsigned char 
   257 ;;  changestate     1   25[COMRAM] unsigned char 
   258 ;;  pred_state      1   24[COMRAM] unsigned char 
   259 ;;  change_e2_st    1   23[COMRAM] unsigned char 
   260 ;;  change_e1_st    1   22[COMRAM] unsigned char 
   261 ;;  LOOP            1   21[COMRAM] unsigned char 
   262 ;;  SERIES          1   20[COMRAM] unsigned char 
   263 ;;  press_switch    1   19[COMRAM] unsigned char 
   264 ;;  pred_pred_st    1   18[COMRAM] unsigned char 
   265 ;; Return value:  Size  Location     Type
   266 ;;                  2   12[COMRAM] int 
   267 ;; Registers used:
   268 ;;		wreg, status,2, status,0, cstack
   269 ;; Tracked objects:
   270 ;;		On entry : 0/0
   271 ;;		On exit  : 0/0
   272 ;;		Unchanged: 0/0
   273 ;; Data sizes:     COMRAM   BANK0   BANK1
   274 ;;      Params:         5       0       0
   275 ;;      Locals:        14       0       0
   276 ;;      Temps:          1       0       0
   277 ;;      Totals:        20       0       0
   278 ;;Total ram usage:       20 bytes
   279 ;; Hardware stack levels required when called:    2
   280 ;; This function calls:
   281 ;;		_all_on
   282 ;; This function is called by:
   283 ;;		Startup code after reset
   284 ;; This function uses a non-reentrant model
   285 ;;
   286                           
   287                           	psect	text0
   288  000206                     __ptext0:
   289                           	opt stack 0
   290  000206                     _main:
   291                           	opt stack 29
   292                           
   293                           ;bypass_main.c: 114: OSCCONbits.IRCF = 0b110;
   294                           
   295                           ;incstack = 0
   296  000206  50D3               	movf	4051,w,c	;volatile
   297  000208  0B8F               	andlw	-113
   298  00020A  0960               	iorlw	96
   299  00020C  6ED3               	movwf	4051,c	;volatile
   300                           
   301                           ;bypass_main.c: 115: ADCON0 = 0b00001000;
   302  00020E  0E08               	movlw	8
   303  000210  6EC2               	movwf	4034,c	;volatile
   304                           
   305                           ;bypass_main.c: 116: ADCON1 = 0b00001111;
   306  000212  0E0F               	movlw	15
   307  000214  6EC1               	movwf	4033,c	;volatile
   308                           
   309                           ;bypass_main.c: 118: CMCON = 0b00000111;
   310  000216  0E07               	movlw	7
   311  000218  6EB4               	movwf	4020,c	;volatile
   312                           
   313                           ;bypass_main.c: 119: CVRCON = 0b00000000;
   314  00021A  0E00               	movlw	0
   315  00021C  6EB5               	movwf	4021,c	;volatile
   316                           
   317                           ;bypass_main.c: 121: T1CON = 0;
   318  00021E  0E00               	movlw	0
   319  000220  6ECD               	movwf	4045,c	;volatile
   320                           
   321                           ;bypass_main.c: 123: PORTC = 0b00000000;
   322  000222  0E00               	movlw	0
   323  000224  6E82               	movwf	3970,c	;volatile
   324                           
   325                           ;bypass_main.c: 124: TRISC = 0b00000000;
   326  000226  0E00               	movlw	0
   327  000228  6E94               	movwf	3988,c	;volatile
   328                           
   329                           ;bypass_main.c: 126: TRISA = 0b00001001;
   330  00022A  0E09               	movlw	9
   331  00022C  6E92               	movwf	3986,c	;volatile
   332                           
   333                           ;bypass_main.c: 127: PORTA = 0b00000000;
   334  00022E  0E00               	movlw	0
   335  000230  6E80               	movwf	3968,c	;volatile
   336                           
   337                           ;bypass_main.c: 129: PORTB = 0b00000000;
   338  000232  0E00               	movlw	0
   339  000234  6E81               	movwf	3969,c	;volatile
   340                           
   341                           ;bypass_main.c: 130: TRISB = 0b00010000;
   342  000236  0E10               	movlw	16
   343  000238  6E93               	movwf	3987,c	;volatile
   344                           
   345                           ;bypass_main.c: 132: uint8_t state = 0;
   346  00023A  0E00               	movlw	0
   347  00023C  6E1D               	movwf	main@state,c
   348                           
   349                           ;bypass_main.c: 133: uint8_t pred_state = 0;
   350  00023E  0E00               	movlw	0
   351  000240  6E19               	movwf	main@pred_state,c
   352                           
   353                           ;bypass_main.c: 134: uint8_t pred_pred_state = 0;
   354  000242  0E00               	movlw	0
   355  000244  6E13               	movwf	main@pred_pred_state,c
   356                           
   357                           ;bypass_main.c: 135: uint8_t changestate = 0;
   358  000246  0E00               	movlw	0
   359  000248  6E1A               	movwf	main@changestate,c
   360                           
   361                           ;bypass_main.c: 136: uint8_t press_switch = 0;
   362  00024A  0E00               	movlw	0
   363  00024C  6E14               	movwf	main@press_switch,c
   364                           
   365                           ;bypass_main.c: 138: uint8_t press_switch_ar[3] = {0, 0, 0};
   366  00024E  C021  F01E         	movff	main@F2606,main@press_switch_ar
   367  000252  C022  F01F         	movff	main@F2606+1,main@press_switch_ar+1
   368  000256  C023  F020         	movff	main@F2606+2,main@press_switch_ar+2
   369                           
   370                           ;bypass_main.c: 139: all_on(0, 1, 1, 1);
   371  00025A  0E00               	movlw	0
   372  00025C  6E08               	movwf	all_on@state+1,c
   373  00025E  0E00               	movlw	0
   374  000260  6E07               	movwf	all_on@state,c
   375  000262  0E01               	movlw	1
   376  000264  6E09               	movwf	all_on@gluh,c
   377  000266  0E01               	movlw	1
   378  000268  6E0A               	movwf	all_on@ef1,c
   379  00026A  0E01               	movlw	1
   380  00026C  6E0B               	movwf	all_on@ef2,c
   381  00026E  EC5C  F002         	call	_all_on	;wreg free
   382                           
   383                           ;bypass_main.c: 140: uint8_t SERIES = 1;
   384  000272  0E01               	movlw	1
   385  000274  6E15               	movwf	main@SERIES,c
   386                           
   387                           ;bypass_main.c: 141: uint8_t LOOP = 0;
   388  000276  0E00               	movlw	0
   389  000278  6E16               	movwf	main@LOOP,c
   390                           
   391                           ;bypass_main.c: 143: uint8_t e1_state = 1;
   392  00027A  0E01               	movlw	1
   393  00027C  6E1B               	movwf	main@e1_state,c
   394                           
   395                           ;bypass_main.c: 144: uint8_t change_e1_state = 0;
   396  00027E  0E00               	movlw	0
   397  000280  6E17               	movwf	main@change_e1_state,c
   398                           
   399                           ;bypass_main.c: 146: uint8_t e2_state = 1;
   400  000282  0E01               	movlw	1
   401  000284  6E1C               	movwf	main@e2_state,c
   402                           
   403                           ;bypass_main.c: 147: uint8_t change_e2_state = 0;
   404  000286  0E00               	movlw	0
   405  000288  6E18               	movwf	main@change_e2_state,c
   406  00028A                     
   407                           ;bypass_main.c: 151: if (PORTAbits.RA3 == 0) {
   408  00028A  B680               	btfsc	3968,3,c	;volatile
   409  00028C  D010               	goto	l84
   410                           
   411                           ;bypass_main.c: 152: _delay((unsigned long)((15)*(4000000/4000.0)));
   412  00028E  0E14               	movlw	20
   413  000290  6E12               	movwf	??_main& (0+255),c
   414  000292  0E7A               	movlw	122
   415  000294                     u797:
   416  000294  2EE8               	decfsz	wreg,f,c
   417  000296  D7FE               	bra	u797
   418  000298  2E12               	decfsz	??_main& (0+255),f,c
   419  00029A  D7FC               	bra	u797
   420                           
   421                           ;bypass_main.c: 153: if (PORTAbits.RA3 == 0) {
   422  00029C  B680               	btfsc	3968,3,c	;volatile
   423  00029E  D007               	goto	l84
   424                           
   425                           ;bypass_main.c: 154: press_switch_ar[0] = press_switch_ar[0] + 1;
   426  0002A0  281E               	incf	main@press_switch_ar,w,c
   427  0002A2  6E1E               	movwf	main@press_switch_ar,c
   428                           
   429                           ;bypass_main.c: 155: if (press_switch_ar[0] > 10) {
   430  0002A4  0E0A               	movlw	10
   431  0002A6  641E               	cpfsgt	main@press_switch_ar,c
   432  0002A8  D002               	goto	l84
   433                           
   434                           ;bypass_main.c: 156: press_switch_ar[0] = 10;
   435  0002AA  0E0A               	movlw	10
   436  0002AC  6E1E               	movwf	main@press_switch_ar,c
   437  0002AE                     l84:
   438                           
   439                           ;bypass_main.c: 157: }
   440                           ;bypass_main.c: 158: }
   441                           ;bypass_main.c: 159: }
   442                           ;bypass_main.c: 160: if (press_switch_ar[0] == 2) {
   443  0002AE  0E02               	movlw	2
   444  0002B0  181E               	xorwf	main@press_switch_ar,w,c
   445  0002B2  A4D8               	btfss	status,2,c
   446  0002B4  D00B               	goto	l85
   447                           
   448                           ;bypass_main.c: 161: changestate = 1;
   449  0002B6  0E01               	movlw	1
   450  0002B8  6E1A               	movwf	main@changestate,c
   451                           
   452                           ;bypass_main.c: 162: e1_state = !e1_state;
   453  0002BA  501B               	movf	main@e1_state,w,c
   454  0002BC  A4D8               	btfss	status,2,c
   455  0002BE  D002               	goto	u590
   456  0002C0  0E01               	movlw	1
   457  0002C2  D001               	goto	u600
   458  0002C4                     u590:
   459  0002C4  0E00               	movlw	0
   460  0002C6                     u600:
   461  0002C6  6E1B               	movwf	main@e1_state,c
   462                           
   463                           ;bypass_main.c: 163: press_switch_ar[0] = 3;
   464  0002C8  0E03               	movlw	3
   465  0002CA  6E1E               	movwf	main@press_switch_ar,c
   466  0002CC                     l85:
   467                           
   468                           ;bypass_main.c: 164: }
   469                           ;bypass_main.c: 165: if (PORTAbits.RA3 == 1) {
   470  0002CC  A680               	btfss	3968,3,c	;volatile
   471  0002CE  D00B               	goto	l87
   472                           
   473                           ;bypass_main.c: 166: _delay((unsigned long)((15)*(4000000/4000.0)));
   474  0002D0  0E14               	movlw	20
   475  0002D2  6E12               	movwf	??_main& (0+255),c
   476  0002D4  0E7A               	movlw	122
   477  0002D6                     u807:
   478  0002D6  2EE8               	decfsz	wreg,f,c
   479  0002D8  D7FE               	bra	u807
   480  0002DA  2E12               	decfsz	??_main& (0+255),f,c
   481  0002DC  D7FC               	bra	u807
   482                           
   483                           ;bypass_main.c: 167: if (PORTAbits.RA3 == 1) {
   484  0002DE  A680               	btfss	3968,3,c	;volatile
   485  0002E0  D002               	goto	l87
   486                           
   487                           ;bypass_main.c: 168: press_switch_ar[0] = 0;
   488  0002E2  0E00               	movlw	0
   489  0002E4  6E1E               	movwf	main@press_switch_ar,c
   490  0002E6                     l87:
   491                           
   492                           ;bypass_main.c: 169: }
   493                           ;bypass_main.c: 170: }
   494                           ;bypass_main.c: 173: if (PORTBbits.RB4 == 0) {
   495  0002E6  B881               	btfsc	3969,4,c	;volatile
   496  0002E8  D010               	goto	l90
   497                           
   498                           ;bypass_main.c: 174: _delay((unsigned long)((15)*(4000000/4000.0)));
   499  0002EA  0E14               	movlw	20
   500  0002EC  6E12               	movwf	??_main& (0+255),c
   501  0002EE  0E7A               	movlw	122
   502  0002F0                     u817:
   503  0002F0  2EE8               	decfsz	wreg,f,c
   504  0002F2  D7FE               	bra	u817
   505  0002F4  2E12               	decfsz	??_main& (0+255),f,c
   506  0002F6  D7FC               	bra	u817
   507                           
   508                           ;bypass_main.c: 175: if (PORTBbits.RB4 == 0) {
   509  0002F8  B881               	btfsc	3969,4,c	;volatile
   510  0002FA  D007               	goto	l90
   511                           
   512                           ;bypass_main.c: 176: press_switch_ar[1] = press_switch_ar[1] + 1;
   513  0002FC  281F               	incf	main@press_switch_ar+1,w,c
   514  0002FE  6E1F               	movwf	main@press_switch_ar+1,c
   515                           
   516                           ;bypass_main.c: 177: if (press_switch_ar[1] > 10) {
   517  000300  0E0A               	movlw	10
   518  000302  641F               	cpfsgt	main@press_switch_ar+1,c
   519  000304  D002               	goto	l90
   520                           
   521                           ;bypass_main.c: 178: press_switch_ar[1] = 10;
   522  000306  0E0A               	movlw	10
   523  000308  6E1F               	movwf	main@press_switch_ar+1,c
   524  00030A                     l90:
   525                           
   526                           ;bypass_main.c: 179: }
   527                           ;bypass_main.c: 180: }
   528                           ;bypass_main.c: 181: }
   529                           ;bypass_main.c: 182: if (press_switch_ar[1] == 1) {
   530  00030A  041F               	decf	main@press_switch_ar+1,w,c
   531  00030C  A4D8               	btfss	status,2,c
   532  00030E  D00C               	goto	l91
   533                           
   534                           ;bypass_main.c: 183: changestate = 1;
   535  000310  0E01               	movlw	1
   536  000312  6E1A               	movwf	main@changestate,c
   537                           
   538                           ;bypass_main.c: 184: state = 2;
   539  000314  0E02               	movlw	2
   540  000316  6E1D               	movwf	main@state,c
   541                           
   542                           ;bypass_main.c: 185: if(pred_state == 2)
   543  000318  0E02               	movlw	2
   544  00031A  1819               	xorwf	main@pred_state,w,c
   545  00031C  A4D8               	btfss	status,2,c
   546  00031E  D002               	goto	l92
   547                           
   548                           ;bypass_main.c: 186: state = 0;
   549  000320  0E00               	movlw	0
   550  000322  6E1D               	movwf	main@state,c
   551  000324                     l92:
   552                           
   553                           ;bypass_main.c: 187: press_switch_ar[1] = 2;
   554  000324  0E02               	movlw	2
   555  000326  6E1F               	movwf	main@press_switch_ar+1,c
   556  000328                     l91:
   557                           
   558                           ;bypass_main.c: 188: }
   559                           ;bypass_main.c: 189: if (PORTBbits.RB4 == 1) {
   560  000328  A881               	btfss	3969,4,c	;volatile
   561  00032A  D00B               	goto	l94
   562                           
   563                           ;bypass_main.c: 190: _delay((unsigned long)((15)*(4000000/4000.0)));
   564  00032C  0E14               	movlw	20
   565  00032E  6E12               	movwf	??_main& (0+255),c
   566  000330  0E7A               	movlw	122
   567  000332                     u827:
   568  000332  2EE8               	decfsz	wreg,f,c
   569  000334  D7FE               	bra	u827
   570  000336  2E12               	decfsz	??_main& (0+255),f,c
   571  000338  D7FC               	bra	u827
   572                           
   573                           ;bypass_main.c: 191: if (PORTBbits.RB4 == 1) {
   574  00033A  A881               	btfss	3969,4,c	;volatile
   575  00033C  D002               	goto	l94
   576                           
   577                           ;bypass_main.c: 192: press_switch_ar[1] = 0;
   578  00033E  0E00               	movlw	0
   579  000340  6E1F               	movwf	main@press_switch_ar+1,c
   580  000342                     l94:
   581                           
   582                           ;bypass_main.c: 193: }
   583                           ;bypass_main.c: 194: }
   584                           ;bypass_main.c: 197: if (PORTAbits.RA0 == 0) {
   585  000342  B080               	btfsc	3968,0,c	;volatile
   586  000344  D010               	goto	l97
   587                           
   588                           ;bypass_main.c: 198: _delay((unsigned long)((15)*(4000000/4000.0)));
   589  000346  0E14               	movlw	20
   590  000348  6E12               	movwf	??_main& (0+255),c
   591  00034A  0E7A               	movlw	122
   592  00034C                     u837:
   593  00034C  2EE8               	decfsz	wreg,f,c
   594  00034E  D7FE               	bra	u837
   595  000350  2E12               	decfsz	??_main& (0+255),f,c
   596  000352  D7FC               	bra	u837
   597                           
   598                           ;bypass_main.c: 199: if (PORTAbits.RA0 == 0) {
   599  000354  B080               	btfsc	3968,0,c	;volatile
   600  000356  D007               	goto	l97
   601                           
   602                           ;bypass_main.c: 200: press_switch_ar[2] = press_switch_ar[2] + 1;
   603  000358  2820               	incf	main@press_switch_ar+2,w,c
   604  00035A  6E20               	movwf	main@press_switch_ar+2,c
   605                           
   606                           ;bypass_main.c: 201: if (press_switch_ar[2] > 10) {
   607  00035C  0E0A               	movlw	10
   608  00035E  6420               	cpfsgt	main@press_switch_ar+2,c
   609  000360  D002               	goto	l97
   610                           
   611                           ;bypass_main.c: 202: press_switch_ar[2] = 10;
   612  000362  0E0A               	movlw	10
   613  000364  6E20               	movwf	main@press_switch_ar+2,c
   614  000366                     l97:
   615                           
   616                           ;bypass_main.c: 203: }
   617                           ;bypass_main.c: 204: }
   618                           ;bypass_main.c: 205: }
   619                           ;bypass_main.c: 206: if (press_switch_ar[2] == 2) {
   620  000366  0E02               	movlw	2
   621  000368  1820               	xorwf	main@press_switch_ar+2,w,c
   622  00036A  A4D8               	btfss	status,2,c
   623  00036C  D00B               	goto	l98
   624                           
   625                           ;bypass_main.c: 207: changestate = 1;
   626  00036E  0E01               	movlw	1
   627  000370  6E1A               	movwf	main@changestate,c
   628                           
   629                           ;bypass_main.c: 208: e2_state = !e2_state;
   630  000372  501C               	movf	main@e2_state,w,c
   631  000374  A4D8               	btfss	status,2,c
   632  000376  D002               	goto	u740
   633  000378  0E01               	movlw	1
   634  00037A  D001               	goto	u750
   635  00037C                     u740:
   636  00037C  0E00               	movlw	0
   637  00037E                     u750:
   638  00037E  6E1C               	movwf	main@e2_state,c
   639                           
   640                           ;bypass_main.c: 209: press_switch_ar[2] = 3;
   641  000380  0E03               	movlw	3
   642  000382  6E20               	movwf	main@press_switch_ar+2,c
   643  000384                     l98:
   644                           
   645                           ;bypass_main.c: 210: }
   646                           ;bypass_main.c: 211: if (PORTAbits.RA0 == 1) {
   647  000384  A080               	btfss	3968,0,c	;volatile
   648  000386  D00B               	goto	l100
   649                           
   650                           ;bypass_main.c: 212: _delay((unsigned long)((15)*(4000000/4000.0)));
   651  000388  0E14               	movlw	20
   652  00038A  6E12               	movwf	??_main& (0+255),c
   653  00038C  0E7A               	movlw	122
   654  00038E                     u847:
   655  00038E  2EE8               	decfsz	wreg,f,c
   656  000390  D7FE               	bra	u847
   657  000392  2E12               	decfsz	??_main& (0+255),f,c
   658  000394  D7FC               	bra	u847
   659                           
   660                           ;bypass_main.c: 213: if (PORTAbits.RA0 == 1) {
   661  000396  A080               	btfss	3968,0,c	;volatile
   662  000398  D002               	goto	l100
   663                           
   664                           ;bypass_main.c: 214: press_switch_ar[2] = 0;
   665  00039A  0E00               	movlw	0
   666  00039C  6E20               	movwf	main@press_switch_ar+2,c
   667  00039E                     l100:
   668                           
   669                           ;bypass_main.c: 215: }
   670                           ;bypass_main.c: 216: }
   671                           ;bypass_main.c: 219: if (changestate == 1) {
   672  00039E  041A               	decf	main@changestate,w,c
   673  0003A0  A4D8               	btfss	status,2,c
   674  0003A2  D773               	goto	l81
   675                           
   676                           ;bypass_main.c: 220: all_on(state, 1, e1_state, e2_state);
   677  0003A4  C01D  F007         	movff	main@state,all_on@state
   678  0003A8  6A08               	clrf	all_on@state+1,c
   679  0003AA  0E01               	movlw	1
   680  0003AC  6E09               	movwf	all_on@gluh,c
   681  0003AE  C01B  F00A         	movff	main@e1_state,all_on@ef1
   682  0003B2  C01C  F00B         	movff	main@e2_state,all_on@ef2
   683  0003B6  EC5C  F002         	call	_all_on	;wreg free
   684                           
   685                           ;bypass_main.c: 221: pred_state = state;
   686  0003BA  C01D  F019         	movff	main@state,main@pred_state
   687                           
   688                           ;bypass_main.c: 222: _delay((unsigned long)((10)*(4000000/4000.0)));
   689  0003BE  0E0D               	movlw	13
   690  0003C0  6E12               	movwf	??_main& (0+255),c
   691  0003C2  0EFC               	movlw	252
   692  0003C4                     u857:
   693  0003C4  2EE8               	decfsz	wreg,f,c
   694  0003C6  D7FE               	bra	u857
   695  0003C8  2E12               	decfsz	??_main& (0+255),f,c
   696  0003CA  D7FC               	bra	u857
   697                           
   698                           ;bypass_main.c: 223: changestate = 0;
   699  0003CC  0E00               	movlw	0
   700  0003CE  6E1A               	movwf	main@changestate,c
   701  0003D0  D75C               	goto	l81
   702  0003D2                     __end_of_main:
   703                           	opt stack 0
   704                           tblptru	equ	0xFF8
   705                           tblptrh	equ	0xFF7
   706                           wreg	equ	0xFE8
   707                           status	equ	0xFD8
   708                           
   709 ;; *************** function _all_on *****************
   710 ;; Defined at:
   711 ;;		line 97 in file "bypass_main.c"
   712 ;; Parameters:    Size  Location     Type
   713 ;;  state           2    6[COMRAM] int 
   714 ;;  gluh            1    8[COMRAM] unsigned char 
   715 ;;  ef1             1    9[COMRAM] unsigned char 
   716 ;;  ef2             1   10[COMRAM] unsigned char 
   717 ;; Auto vars:     Size  Location     Type
   718 ;;		None
   719 ;; Return value:  Size  Location     Type
   720 ;;                  1    wreg      void 
   721 ;; Registers used:
   722 ;;		wreg, status,2, status,0, cstack
   723 ;; Tracked objects:
   724 ;;		On entry : 0/0
   725 ;;		On exit  : 0/0
   726 ;;		Unchanged: 0/0
   727 ;; Data sizes:     COMRAM   BANK0   BANK1
   728 ;;      Params:         5       0       0
   729 ;;      Locals:         0       0       0
   730 ;;      Temps:          1       0       0
   731 ;;      Totals:         6       0       0
   732 ;;Total ram usage:        6 bytes
   733 ;; Hardware stack levels used:    1
   734 ;; Hardware stack levels required when called:    1
   735 ;; This function calls:
   736 ;;		_now_change
   737 ;; This function is called by:
   738 ;;		_main
   739 ;; This function uses a non-reentrant model
   740 ;;
   741                           
   742                           	psect	text1
   743  0004B8                     __ptext1:
   744                           	opt stack 0
   745  0004B8                     _all_on:
   746                           	opt stack 29
   747                           
   748                           ;bypass_main.c: 99: if(gluh == 1){
   749                           
   750                           ;incstack = 0
   751  0004B8  0409               	decf	all_on@gluh,w,c
   752  0004BA  A4D8               	btfss	status,2,c
   753  0004BC  D009               	goto	l72
   754                           
   755                           ;bypass_main.c: 100: LATC7 = 1;
   756  0004BE  8E8B               	bsf	3979,7,c	;volatile
   757                           
   758                           ;bypass_main.c: 101: _delay((unsigned long)((20)*(4000000/4000.0)));
   759  0004C0  0E1A               	movlw	26
   760  0004C2  6E0C               	movwf	??_all_on& (0+255),c
   761  0004C4  0EF8               	movlw	248
   762  0004C6                     u867:
   763  0004C6  2EE8               	decfsz	wreg,f,c
   764  0004C8  D7FE               	bra	u867
   765  0004CA  2E0C               	decfsz	??_all_on& (0+255),f,c
   766  0004CC  D7FC               	bra	u867
   767  0004CE  D000               	nop2	
   768  0004D0                     l72:
   769                           
   770                           ;bypass_main.c: 102: }
   771                           ;bypass_main.c: 104: now_change(state, ef1, ef2);
   772  0004D0  C007  F001         	movff	all_on@state,now_change@state
   773  0004D4  C008  F002         	movff	all_on@state+1,now_change@state+1
   774  0004D8  C00A  F003         	movff	all_on@ef1,now_change@ef1
   775  0004DC  C00B  F004         	movff	all_on@ef2,now_change@ef2
   776  0004E0  ECE9  F001         	call	_now_change	;wreg free
   777                           
   778                           ;bypass_main.c: 106: if(gluh == 1){
   779  0004E4  0409               	decf	all_on@gluh,w,c
   780  0004E6  A4D8               	btfss	status,2,c
   781  0004E8  0012               	return	
   782                           
   783                           ;bypass_main.c: 107: _delay((unsigned long)((20)*(4000000/4000.0)));
   784  0004EA  0E1A               	movlw	26
   785  0004EC  6E0C               	movwf	??_all_on& (0+255),c
   786  0004EE  0EF8               	movlw	248
   787  0004F0                     u877:
   788  0004F0  2EE8               	decfsz	wreg,f,c
   789  0004F2  D7FE               	bra	u877
   790  0004F4  2E0C               	decfsz	??_all_on& (0+255),f,c
   791  0004F6  D7FC               	bra	u877
   792  0004F8  D000               	nop2	
   793                           
   794                           ;bypass_main.c: 108: LATC7 = 0;
   795  0004FA  9E8B               	bcf	3979,7,c	;volatile
   796  0004FC  0012               	return	
   797  0004FE                     __end_of_all_on:
   798                           	opt stack 0
   799                           tblptru	equ	0xFF8
   800                           tblptrh	equ	0xFF7
   801                           wreg	equ	0xFE8
   802                           status	equ	0xFD8
   803                           
   804 ;; *************** function _now_change *****************
   805 ;; Defined at:
   806 ;;		line 37 in file "bypass_main.c"
   807 ;; Parameters:    Size  Location     Type
   808 ;;  state           2    0[COMRAM] int 
   809 ;;  ef1             1    2[COMRAM] unsigned char 
   810 ;;  ef2             1    3[COMRAM] unsigned char 
   811 ;; Auto vars:     Size  Location     Type
   812 ;;		None
   813 ;; Return value:  Size  Location     Type
   814 ;;                  1    wreg      void 
   815 ;; Registers used:
   816 ;;		wreg, status,2, status,0
   817 ;; Tracked objects:
   818 ;;		On entry : 0/0
   819 ;;		On exit  : 0/0
   820 ;;		Unchanged: 0/0
   821 ;; Data sizes:     COMRAM   BANK0   BANK1
   822 ;;      Params:         4       0       0
   823 ;;      Locals:         0       0       0
   824 ;;      Temps:          2       0       0
   825 ;;      Totals:         6       0       0
   826 ;;Total ram usage:        6 bytes
   827 ;; Hardware stack levels used:    1
   828 ;; This function calls:
   829 ;;		Nothing
   830 ;; This function is called by:
   831 ;;		_all_on
   832 ;; This function uses a non-reentrant model
   833 ;;
   834                           
   835                           	psect	text2
   836  0003D2                     __ptext2:
   837                           	opt stack 0
   838  0003D2                     _now_change:
   839                           	opt stack 29
   840                           
   841                           ;bypass_main.c: 39: LATC1 = ef1;
   842                           
   843                           ;incstack = 0
   844  0003D2  A003               	btfss	now_change@ef1,0,c
   845  0003D4  D002               	goto	u400
   846  0003D6  828B               	bsf	3979,1,c	;volatile
   847  0003D8  D001               	goto	u415
   848  0003DA                     u400:
   849  0003DA  928B               	bcf	3979,1,c	;volatile
   850  0003DC                     u415:
   851                           
   852                           ;bypass_main.c: 40: LATA5 = ef2;
   853  0003DC  A004               	btfss	now_change@ef2,0,c
   854  0003DE  D002               	goto	u420
   855  0003E0  8A89               	bsf	3977,5,c	;volatile
   856  0003E2  D001               	goto	u435
   857  0003E4                     u420:
   858  0003E4  9A89               	bcf	3977,5,c	;volatile
   859  0003E6                     u435:
   860                           
   861                           ;bypass_main.c: 41: LATC2 = ef1;
   862  0003E6  A003               	btfss	now_change@ef1,0,c
   863  0003E8  D002               	goto	u440
   864  0003EA  848B               	bsf	3979,2,c	;volatile
   865  0003EC  D001               	goto	u455
   866  0003EE                     u440:
   867  0003EE  948B               	bcf	3979,2,c	;volatile
   868  0003F0                     u455:
   869                           
   870                           ;bypass_main.c: 42: LATB5 = ef2;
   871  0003F0  A004               	btfss	now_change@ef2,0,c
   872  0003F2  D002               	goto	u460
   873  0003F4  8A8A               	bsf	3978,5,c	;volatile
   874  0003F6  D001               	goto	u475
   875  0003F8                     u460:
   876  0003F8  9A8A               	bcf	3978,5,c	;volatile
   877  0003FA                     u475:
   878                           
   879                           ;bypass_main.c: 43: if (state == 0) {
   880  0003FA  5001               	movf	now_change@state,w,c
   881  0003FC  1002               	iorwf	now_change@state+1,w,c
   882  0003FE  A4D8               	btfss	status,2,c
   883  000400  D008               	goto	l59
   884                           
   885                           ;bypass_main.c: 44: LATC6 = 0;
   886  000402  9C8B               	bcf	3979,6,c	;volatile
   887                           
   888                           ;bypass_main.c: 45: LATC3 = 1;
   889  000404  868B               	bsf	3979,3,c	;volatile
   890                           
   891                           ;bypass_main.c: 46: LATA2 = 1;
   892  000406  8489               	bsf	3977,2,c	;volatile
   893                           
   894                           ;bypass_main.c: 47: LATC4 = 0;
   895  000408  988B               	bcf	3979,4,c	;volatile
   896                           
   897                           ;bypass_main.c: 48: LATA1 = 0;
   898  00040A  9289               	bcf	3977,1,c	;volatile
   899                           
   900                           ;bypass_main.c: 49: LATC5 = 1;
   901  00040C  8A8B               	bsf	3979,5,c	;volatile
   902                           
   903                           ;bypass_main.c: 50: LATC0 = 0;
   904  00040E  908B               	bcf	3979,0,c	;volatile
   905                           
   906                           ;bypass_main.c: 51: } else if (state == 1) {
   907  000410  0012               	return	
   908  000412                     l59:
   909  000412  0401               	decf	now_change@state,w,c
   910  000414  1002               	iorwf	now_change@state+1,w,c
   911  000416  A4D8               	btfss	status,2,c
   912  000418  D008               	goto	l61
   913                           
   914                           ;bypass_main.c: 52: LATC6 = 0;
   915  00041A  9C8B               	bcf	3979,6,c	;volatile
   916                           
   917                           ;bypass_main.c: 53: LATC3 = 0;
   918  00041C  968B               	bcf	3979,3,c	;volatile
   919                           
   920                           ;bypass_main.c: 54: LATA2 = 0;
   921  00041E  9489               	bcf	3977,2,c	;volatile
   922                           
   923                           ;bypass_main.c: 55: LATC4 = 1;
   924  000420  888B               	bsf	3979,4,c	;volatile
   925                           
   926                           ;bypass_main.c: 56: LATA1 = 1;
   927  000422  8289               	bsf	3977,1,c	;volatile
   928                           
   929                           ;bypass_main.c: 57: LATC5 = 0;
   930  000424  9A8B               	bcf	3979,5,c	;volatile
   931                           
   932                           ;bypass_main.c: 58: LATC0 = 1;
   933  000426  808B               	bsf	3979,0,c	;volatile
   934                           
   935                           ;bypass_main.c: 59: } else if (state == 2) {
   936  000428  0012               	return	
   937  00042A                     l61:
   938  00042A  0E02               	movlw	2
   939  00042C  1801               	xorwf	now_change@state,w,c
   940  00042E  1002               	iorwf	now_change@state+1,w,c
   941  000430  A4D8               	btfss	status,2,c
   942  000432  D008               	goto	l63
   943                           
   944                           ;bypass_main.c: 60: LATC6 = 1;
   945  000434  8C8B               	bsf	3979,6,c	;volatile
   946                           
   947                           ;bypass_main.c: 61: LATC3 = 1;
   948  000436  868B               	bsf	3979,3,c	;volatile
   949                           
   950                           ;bypass_main.c: 62: LATA2 = 0;
   951  000438  9489               	bcf	3977,2,c	;volatile
   952                           
   953                           ;bypass_main.c: 63: LATC4 = 0;
   954  00043A  988B               	bcf	3979,4,c	;volatile
   955                           
   956                           ;bypass_main.c: 64: LATA1 = 1;
   957  00043C  8289               	bsf	3977,1,c	;volatile
   958                           
   959                           ;bypass_main.c: 65: LATC5 = 0;
   960  00043E  9A8B               	bcf	3979,5,c	;volatile
   961                           
   962                           ;bypass_main.c: 66: LATC0 = 1;
   963  000440  808B               	bsf	3979,0,c	;volatile
   964                           
   965                           ;bypass_main.c: 67: } else if (state == 3) {
   966  000442  0012               	return	
   967  000444                     l63:
   968  000444  0E03               	movlw	3
   969  000446  1801               	xorwf	now_change@state,w,c
   970  000448  1002               	iorwf	now_change@state+1,w,c
   971  00044A  A4D8               	btfss	status,2,c
   972  00044C  D007               	goto	l65
   973                           
   974                           ;bypass_main.c: 68: LATC3 = 1;
   975  00044E  868B               	bsf	3979,3,c	;volatile
   976                           
   977                           ;bypass_main.c: 69: LATA2 = 1;
   978  000450  8489               	bsf	3977,2,c	;volatile
   979                           
   980                           ;bypass_main.c: 70: LATC4 = 1;
   981  000452  888B               	bsf	3979,4,c	;volatile
   982                           
   983                           ;bypass_main.c: 71: LATA1 = 1;
   984  000454  8289               	bsf	3977,1,c	;volatile
   985                           
   986                           ;bypass_main.c: 72: LATC5 = 0;
   987  000456  9A8B               	bcf	3979,5,c	;volatile
   988                           
   989                           ;bypass_main.c: 73: LATC0 = 1;
   990  000458  808B               	bsf	3979,0,c	;volatile
   991                           
   992                           ;bypass_main.c: 74: }
   993  00045A  0012               	return	
   994  00045C                     l65:
   995                           
   996                           ;bypass_main.c: 75: else if (state == 10) {
   997  00045C  0E0A               	movlw	10
   998  00045E  1801               	xorwf	now_change@state,w,c
   999  000460  1002               	iorwf	now_change@state+1,w,c
  1000  000462  A4D8               	btfss	status,2,c
  1001  000464  D00C               	goto	l67
  1002                           
  1003                           ;bypass_main.c: 76: LATC1 = 1;
  1004  000466  828B               	bsf	3979,1,c	;volatile
  1005                           
  1006                           ;bypass_main.c: 77: LATA5 = 1;
  1007  000468  8A89               	bsf	3977,5,c	;volatile
  1008                           
  1009                           ;bypass_main.c: 78: LATC6 = 1;
  1010  00046A  8C8B               	bsf	3979,6,c	;volatile
  1011                           
  1012                           ;bypass_main.c: 79: LATC3 = 0;
  1013  00046C  968B               	bcf	3979,3,c	;volatile
  1014                           
  1015                           ;bypass_main.c: 80: LATA2 = 0;
  1016  00046E  9489               	bcf	3977,2,c	;volatile
  1017                           
  1018                           ;bypass_main.c: 81: LATB5 = 0;
  1019  000470  9A8A               	bcf	3978,5,c	;volatile
  1020                           
  1021                           ;bypass_main.c: 82: LATC2 = 0;
  1022  000472  948B               	bcf	3979,2,c	;volatile
  1023                           
  1024                           ;bypass_main.c: 83: LATC4 = 0;
  1025  000474  988B               	bcf	3979,4,c	;volatile
  1026                           
  1027                           ;bypass_main.c: 84: LATA1 = 0;
  1028  000476  9289               	bcf	3977,1,c	;volatile
  1029                           
  1030                           ;bypass_main.c: 85: LATC5 = 0;
  1031  000478  9A8B               	bcf	3979,5,c	;volatile
  1032                           
  1033                           ;bypass_main.c: 86: LATC0 = 0;
  1034  00047A  908B               	bcf	3979,0,c	;volatile
  1035                           
  1036                           ;bypass_main.c: 87: }else {
  1037  00047C  0012               	return	
  1038  00047E                     l67:
  1039                           
  1040                           ;bypass_main.c: 88: LATA1 = 0;
  1041  00047E  9289               	bcf	3977,1,c	;volatile
  1042                           
  1043                           ;bypass_main.c: 89: LATC3 = 1;
  1044  000480  868B               	bsf	3979,3,c	;volatile
  1045                           
  1046                           ;bypass_main.c: 90: _delay((unsigned long)((200)*(4000000/4000.0)));
  1047  000482  0E02               	movlw	2
  1048  000484  6E06               	movwf	(??_now_change+1)& (0+255),c
  1049  000486  0E04               	movlw	4
  1050  000488  6E05               	movwf	??_now_change& (0+255),c
  1051  00048A  0EBA               	movlw	186
  1052  00048C                     u887:
  1053  00048C  2EE8               	decfsz	wreg,f,c
  1054  00048E  D7FE               	bra	u887
  1055  000490  2E05               	decfsz	??_now_change& (0+255),f,c
  1056  000492  D7FC               	bra	u887
  1057  000494  2E06               	decfsz	(??_now_change+1)& (0+255),f,c
  1058  000496  D7FA               	bra	u887
  1059  000498  D000               	nop2	
  1060                           
  1061                           ;bypass_main.c: 91: LATA1 = 1;
  1062  00049A  8289               	bsf	3977,1,c	;volatile
  1063                           
  1064                           ;bypass_main.c: 92: LATC3 = 1;
  1065  00049C  868B               	bsf	3979,3,c	;volatile
  1066                           
  1067                           ;bypass_main.c: 93: _delay((unsigned long)((200)*(4000000/4000.0)));
  1068  00049E  0E02               	movlw	2
  1069  0004A0  6E06               	movwf	(??_now_change+1)& (0+255),c
  1070  0004A2  0E04               	movlw	4
  1071  0004A4  6E05               	movwf	??_now_change& (0+255),c
  1072  0004A6  0EBA               	movlw	186
  1073  0004A8                     u897:
  1074  0004A8  2EE8               	decfsz	wreg,f,c
  1075  0004AA  D7FE               	bra	u897
  1076  0004AC  2E05               	decfsz	??_now_change& (0+255),f,c
  1077  0004AE  D7FC               	bra	u897
  1078  0004B0  2E06               	decfsz	(??_now_change+1)& (0+255),f,c
  1079  0004B2  D7FA               	bra	u897
  1080  0004B4  D000               	nop2	
  1081  0004B6  0012               	return	
  1082  0004B8                     __end_of_now_change:
  1083                           	opt stack 0
  1084                           tblptru	equ	0xFF8
  1085                           tblptrh	equ	0xFF7
  1086                           wreg	equ	0xFE8
  1087                           status	equ	0xFD8
  1088                           tblptru	equ	0xFF8
  1089                           tblptrh	equ	0xFF7
  1090                           wreg	equ	0xFE8
  1091                           status	equ	0xFD8
  1092                           
  1093                           	psect	rparam
  1094  0000                     tblptru	equ	0xFF8
  1095                           tblptrh	equ	0xFF7
  1096                           wreg	equ	0xFE8
  1097                           status	equ	0xFD8


Data Sizes:
    Strings     0
    Constant    4
    Data        0
    BSS         3
    Persistent  0
    Stack       0

Auto Spaces:
    Space          Size  Autos    Used
    COMRAM          127     32      35
    BANK0           128      0       0
    BANK1           256      0       0

Pointer List with Targets:

    None.

Critical Paths under _main in COMRAM

    _main->_all_on
    _all_on->_now_change

Critical Paths under _main in BANK0

    None.

Critical Paths under _main in BANK1

    None.

Call Graph Tables:

 ---------------------------------------------------------------------------------
 (Depth) Function   	        Calls       Base Space   Used Autos Params    Refs
 ---------------------------------------------------------------------------------
 (0) _main                                                20    15      5    1741
                                             12 COMRAM    20    15      5
                             _all_on
 ---------------------------------------------------------------------------------
 (1) _all_on                                               6     1      5    1144
                                              6 COMRAM     6     1      5
                         _now_change
 ---------------------------------------------------------------------------------
 (2) _now_change                                           6     2      4     426
                                              0 COMRAM     6     2      4
 ---------------------------------------------------------------------------------
 Estimated maximum stack depth 2
 ---------------------------------------------------------------------------------

 Call Graph Graphs:

 _main (ROOT)
   _all_on
     _now_change

 Address spaces:
Name               Size   Autos  Total    Cost      Usage
BIGRAM             1FF      0       0       8        0.0%
EEDATA             100      0       0       0        0.0%
BITBANK1           100      0       0       5        0.0%
BANK1              100      0       0       6        0.0%
BITBANK0            80      0       0       3        0.0%
BANK0               80      0       0       4        0.0%
BITCOMRAM           7F      0       0       0        0.0%
COMRAM              7F     20      23       1       27.6%
BITSFR               0      0       0     200        0.0%
SFR                  0      0       0     200        0.0%
STACK                0      0       0       2        0.0%
NULL                 0      0       0       0        0.0%
ABS                  0      0      23       7        0.0%
DATA                 0      0      23       9        0.0%
CODE                 0      0       0       0        0.0%


Microchip Technology PIC18 Macro Assembler V1.44 build -154322312 
Symbol Table                                                                                   Wed Aug 15 23:44:32 2018

                     l61 042A                       l63 0444                       l72 04D0  
                     l65 045C                       l81 028A                       l90 030A  
                     l67 047E                       l59 0412                       l91 0328  
                     l92 0324                       l84 02AE                       l85 02CC  
                     l94 0342                       l87 02E6                       l97 0366  
                     l98 0384          now_change@state 0001             __CFG_CP0$OFF 000000  
           __CFG_CP1$OFF 000000             __CFG_CP2$OFF 000000             __CFG_CP3$OFF 000000  
           main@e1_state 001B             main@e2_state 001C              __CFG_WDT$ON 000000  
                    l100 039E             __CFG_CPB$OFF 000000                      u400 03DA  
                    u420 03E4                      u415 03DC                      u440 03EE  
                    u600 02C6             __CFG_CPD$OFF 000000                      u435 03E6  
                    u460 03F8                      u455 03F0                      u475 03FA  
                    u740 037C                      u750 037E                      u590 02C4  
                    u807 02D6                      u817 02F0                      u827 0332  
                    u837 034C                      u847 038E                      u857 03C4  
                    u867 04C6                      u877 04F0                      u797 0294  
                    u887 048C                      u897 04A8             __CFG_BOR$OFF 000000  
           __CFG_BORV$20 000000                      wreg 000FE8             __CFG_FSCM$ON 000000  
           __CFG_IESO$ON 000000             __CFG_LVP$OFF 000000             __CFG_STVR$ON 000000  
                   _main 0206            __CFG_PBAD$ANA 000000                     start 0000  
           ___param_bank 000000           __CFG_CCP2MX$ON 000000                    ?_main 000D  
                  _CMCON 000FB4                    _T1CON 000FCD                    _LATA1 007C49  
                  _LATA2 007C4A                    _LATC0 007C58                    _LATC1 007C59  
                  _LATA5 007C4D                    _LATC2 007C5A                    _LATB5 007C55  
                  _LATC3 007C5B                    _LATC4 007C5C                    _LATC5 007C5D  
                  _LATC6 007C5E                    _LATC7 007C5F                    _PORTA 000F80  
                  _PORTB 000F81                    _PORTC 000F82                    _TRISA 000F92  
                  _TRISB 000F93                    _TRISC 000F94            __CFG_PWRT$OFF 000000  
          __CFG_WRT0$OFF 000000            __CFG_WRT1$OFF 000000            __CFG_WRT2$OFF 000000  
          __CFG_WRT3$OFF 000000           __CFG_EBTR0$OFF 000000           __CFG_EBTR1$OFF 000000  
         __CFG_EBTR2$OFF 000000           __CFG_EBTR3$OFF 000000            __CFG_WRTB$OFF 000000  
          __CFG_WRTC$OFF 000000            __CFG_WRTD$OFF 000000           __CFG_EBTRB$OFF 000000  
                  status 000FD8           __CFG_MCLRE$OFF 000000          __initialization 04FE  
           __end_of_main 03D2                   ??_main 0012            __activetblptr 000001  
                 _ADCON0 000FC2                   _ADCON1 000FC1                   _CVRCON 000FB5  
                 _all_on 04B8             __mediumconst 0000                   tblptrh 000FF7  
                 tblptru 000FF8               __accesstop 0080  __end_of__initialization 0504  
          ___rparam_used 000001           __pcstackCOMRAM 0001          __CFG_OSC$INTIO1 000000  
                ?_all_on 0007                  __Hparam 0000                  __Lparam 0000  
        __size_of_all_on 0046             __psmallconst 0200                  __pcinit 04FE  
                __ramtop 0200                  __ptext0 0206                  __ptext1 04B8  
                __ptext2 03D2        __end_of_gluh_wait 0205           main@pred_state 0019  
             all_on@gluh 0009     end_of_initialization 0504               _now_change 03D2  
              _PORTAbits 000F80                _PORTBbits 000F81               main@SERIES 0015  
         __end_of_all_on 04FE      start_initialization 04FE          main@changestate 001A  
            ?_now_change 0001      main@press_switch_ar 001E                 ??_all_on 000C  
            __pbssCOMRAM 0021              __smallconst 0200                _gluh_wait 0201  
    __size_of_now_change 00E6                all_on@ef1 000A                all_on@ef2 000B  
       __CFG_WDTPS$32768 000000                main@F2606 0021            now_change@ef1 0003  
          now_change@ef2 0004                main@state 001D                 __Hrparam 0000  
               __Lrparam 0000             __Lsmallconst 0200         main@press_switch 0014  
    main@pred_pred_state 0013            __size_of_main 01CC             ??_now_change 0005  
            all_on@state 0007                 main@LOOP 0016                 main@argc 000D  
               main@argv 000F       __end_of_now_change 04B8               _OSCCONbits 000FD3  
    main@change_e1_state 0017      main@change_e2_state 0018  
